<?xml version="1.0" encoding="UTF-8"?>
<testng-results ignored="0" total="2" passed="2" failed="0" skipped="0">
  <reporter-output>
  </reporter-output>
  <suite started-at="2022-09-15T01:25:36 IST" name="Default suite" finished-at="2022-09-15T01:25:36 IST" duration-ms="33">
    <groups>
    </groups>
    <test started-at="2022-09-15T01:25:36 IST" name="Default test" finished-at="2022-09-15T01:25:36 IST" duration-ms="33">
      <class name="testScripts.TestScript">
        <test-method signature="verifyForeignPlayersCount()[pri:0, instance:testScripts.TestScript@3c419631]" started-at="2022-09-15T01:25:36 IST" name="verifyForeignPlayersCount" description="To validate the RCB team has only 4 foreign players" finished-at="2022-09-15T01:25:36 IST" duration-ms="10" status="PASS">
          <reporter-output>
          </reporter-output>
        </test-method> <!-- verifyForeignPlayersCount -->
        <test-method signature="verifyWicketKeepersCount()[pri:0, instance:testScripts.TestScript@3c419631]" started-at="2022-09-15T01:25:36 IST" name="verifyWicketKeepersCount" description="To validate the team has at least 1 wicket keeper" finished-at="2022-09-15T01:25:36 IST" duration-ms="1" status="PASS">
          <reporter-output>
          </reporter-output>
        </test-method> <!-- verifyWicketKeepersCount -->
      </class> <!-- testScripts.TestScript -->
    </test> <!-- Default test -->
  </suite> <!-- Default suite -->
</testng-results>
