<?xml version="1.0" encoding="UTF-8"?>
<testng-results ignored="0" total="2" passed="2" failed="0" skipped="0">
  <reporter-output>
  </reporter-output>
  <suite started-at="2022-09-10T18:30:28 IST" name="Default suite" finished-at="2022-09-10T18:30:28 IST" duration-ms="39">
    <groups>
    </groups>
    <test started-at="2022-09-10T18:30:28 IST" name="Default test" finished-at="2022-09-10T18:30:28 IST" duration-ms="39">
      <class name="testScripts.TestScript">
        <test-method signature="verifyForeignPlayersCount()[pri:0, instance:testScripts.TestScript@6ac13091]" started-at="2022-09-10T18:30:28 IST" name="verifyForeignPlayersCount" finished-at="2022-09-10T18:30:28 IST" duration-ms="10" status="PASS">
          <reporter-output>
          </reporter-output>
        </test-method> <!-- verifyForeignPlayersCount -->
        <test-method signature="verifyWicketKeepersCount()[pri:0, instance:testScripts.TestScript@6ac13091]" started-at="2022-09-10T18:30:28 IST" name="verifyWicketKeepersCount" finished-at="2022-09-10T18:30:28 IST" duration-ms="1" status="PASS">
          <reporter-output>
          </reporter-output>
        </test-method> <!-- verifyWicketKeepersCount -->
      </class> <!-- testScripts.TestScript -->
    </test> <!-- Default test -->
  </suite> <!-- Default suite -->
</testng-results>
